<?xml version="1.0" encoding="UTF-8"?>
<coverage generated="1772585261873" clover="3.2.0">
  <project timestamp="1772585261873" name="All files">
    <metrics statements="111" coveredstatements="72" conditionals="67" coveredconditionals="38" methods="14" coveredmethods="10" elements="192" coveredelements="120" complexity="0" loc="111" ncloc="111" packages="1" files="1" classes="1"/>
    <file name="index.js" path="/home/money/.openclaw/playalegion/workspace/api-ghost/src/index.js">
      <metrics statements="111" coveredstatements="72" conditionals="67" coveredconditionals="38" methods="14" coveredmethods="10"/>
      <line num="1" count="1" type="stmt"/>
      <line num="2" count="1" type="stmt"/>
      <line num="3" count="1" type="stmt"/>
      <line num="4" count="1" type="stmt"/>
      <line num="5" count="1" type="stmt"/>
      <line num="6" count="1" type="stmt"/>
      <line num="10" count="3" type="stmt"/>
      <line num="11" count="3" type="stmt"/>
      <line num="12" count="3" type="stmt"/>
      <line num="13" count="3" type="cond" truecount="2" falsecount="0"/>
      <line num="14" count="3" type="cond" truecount="1" falsecount="1"/>
      <line num="15" count="3" type="stmt"/>
      <line num="16" count="3" type="stmt"/>
      <line num="17" count="3" type="stmt"/>
      <line num="22" count="3" type="stmt"/>
      <line num="25" count="1" type="stmt"/>
      <line num="28" count="1" type="stmt"/>
      <line num="30" count="1" type="cond" truecount="1" falsecount="1"/>
      <line num="31" count="0" type="stmt"/>
      <line num="33" count="1" type="stmt"/>
      <line num="38" count="3" type="stmt"/>
      <line num="39" count="3" type="stmt"/>
      <line num="40" count="2" type="stmt"/>
      <line num="41" count="1" type="cond" truecount="1" falsecount="1"/>
      <line num="43" count="2" type="stmt"/>
      <line num="48" count="1" type="stmt"/>
      <line num="49" count="1" type="stmt"/>
      <line num="50" count="1" type="stmt"/>
      <line num="54" count="1" type="cond" truecount="1" falsecount="1"/>
      <line num="55" count="0" type="stmt"/>
      <line num="56" count="0" type="stmt"/>
      <line num="59" count="1" type="stmt"/>
      <line num="60" count="2" type="stmt"/>
      <line num="61" count="3" type="cond" truecount="1" falsecount="1"/>
      <line num="62" count="3" type="stmt"/>
      <line num="70" count="3" type="stmt"/>
      <line num="71" count="3" type="stmt"/>
      <line num="72" count="3" type="cond" truecount="2" falsecount="0"/>
      <line num="73" count="3" type="cond" truecount="1" falsecount="2"/>
      <line num="75" count="3" type="stmt"/>
      <line num="78" count="3" type="stmt"/>
      <line num="79" count="3" type="stmt"/>
      <line num="82" count="3" type="cond" truecount="2" falsecount="2"/>
      <line num="83" count="0" type="stmt"/>
      <line num="85" count="3" type="stmt"/>
      <line num="89" count="3" type="cond" truecount="2" falsecount="0"/>
      <line num="90" count="1" type="cond" truecount="1" falsecount="1"/>
      <line num="91" count="0" type="stmt"/>
      <line num="95" count="3" type="stmt"/>
      <line num="97" count="0" type="stmt"/>
      <line num="98" count="0" type="stmt"/>
      <line num="103" count="3" type="cond" truecount="2" falsecount="3"/>
      <line num="105" count="2" type="stmt"/>
      <line num="106" count="2" type="stmt"/>
      <line num="108" count="1" type="stmt"/>
      <line num="109" count="1" type="stmt"/>
      <line num="111" count="0" type="stmt"/>
      <line num="112" count="0" type="stmt"/>
      <line num="114" count="0" type="stmt"/>
      <line num="115" count="0" type="stmt"/>
      <line num="117" count="0" type="stmt"/>
      <line num="118" count="0" type="stmt"/>
      <line num="123" count="0" type="stmt"/>
      <line num="125" count="0" type="cond" truecount="0" falsecount="2"/>
      <line num="126" count="0" type="stmt"/>
      <line num="129" count="0" type="stmt"/>
      <line num="130" count="0" type="stmt"/>
      <line num="137" count="0" type="stmt"/>
      <line num="147" count="0" type="stmt"/>
      <line num="148" count="0" type="stmt"/>
      <line num="150" count="0" type="stmt"/>
      <line num="151" count="0" type="stmt"/>
      <line num="153" count="0" type="stmt"/>
      <line num="154" count="0" type="stmt"/>
      <line num="159" count="19" type="cond" truecount="1" falsecount="1"/>
      <line num="160" count="0" type="stmt"/>
      <line num="163" count="19" type="cond" truecount="4" falsecount="0"/>
      <line num="164" count="4" type="stmt"/>
      <line num="165" count="4" type="stmt"/>
      <line num="166" count="8" type="stmt"/>
      <line num="168" count="4" type="stmt"/>
      <line num="171" count="15" type="cond" truecount="2" falsecount="0"/>
      <line num="172" count="2" type="cond" truecount="1" falsecount="1"/>
      <line num="175" count="13" type="cond" truecount="2" falsecount="0"/>
      <line num="176" count="7" type="cond" truecount="2" falsecount="0"/>
      <line num="177" count="6" type="cond" truecount="1" falsecount="1"/>
      <line num="178" count="6" type="cond" truecount="1" falsecount="1"/>
      <line num="179" count="6" type="cond" truecount="1" falsecount="1"/>
      <line num="180" count="6" type="stmt"/>
      <line num="183" count="6" type="cond" truecount="4" falsecount="0"/>
      <line num="184" count="5" type="cond" truecount="1" falsecount="1"/>
      <line num="185" count="5" type="stmt"/>
      <line num="188" count="1" type="cond" truecount="1" falsecount="1"/>
      <line num="189" count="1" type="stmt"/>
      <line num="192" count="0" type="stmt"/>
      <line num="196" count="1" type="stmt"/>
      <line num="197" count="1" type="stmt"/>
      <line num="200" count="1" type="stmt"/>
      <line num="201" count="0" type="cond" truecount="0" falsecount="2"/>
      <line num="202" count="0" type="stmt"/>
      <line num="204" count="0" type="stmt"/>
      <line num="209" count="0" type="cond" truecount="0" falsecount="2"/>
      <line num="211" count="0" type="stmt"/>
      <line num="214" count="0" type="stmt"/>
      <line num="215" count="0" type="stmt"/>
      <line num="218" count="0" type="stmt"/>
      <line num="233" count="0" type="stmt"/>
      <line num="239" count="0" type="stmt"/>
      <line num="245" count="0" type="stmt"/>
      <line num="249" count="0" type="stmt"/>
      <line num="274" count="1" type="stmt"/>
    </file>
  </project>
</coverage>
