{"/home/money/.openclaw/playalegion/workspace/api-ghost/src/index.js": {"path":"/home/money/.openclaw/playalegion/workspace/api-ghost/src/index.js","statementMap":{"0":{"start":{"line":1,"column":11},"end":{"line":1,"column":33}},"1":{"start":{"line":2,"column":13},"end":{"line":2,"column":28}},"2":{"start":{"line":3,"column":16},"end":{"line":3,"column":34}},"3":{"start":{"line":4,"column":13},"end":{"line":4,"column":28}},"4":{"start":{"line":5,"column":15},"end":{"line":5,"column":32}},"5":{"start":{"line":6,"column":0},"end":{"line":6,"column":27}},"6":{"start":{"line":10,"column":4},"end":{"line":10,"column":37}},"7":{"start":{"line":11,"column":4},"end":{"line":11,"column":29}},"8":{"start":{"line":12,"column":4},"end":{"line":12,"column":39}},"9":{"start":{"line":13,"column":4},"end":{"line":13,"column":73}},"10":{"start":{"line":14,"column":4},"end":{"line":14,"column":90}},"11":{"start":{"line":15,"column":4},"end":{"line":15,"column":21}},"12":{"start":{"line":16,"column":4},"end":{"line":16,"column":25}},"13":{"start":{"line":17,"column":4},"end":{"line":17,"column":28}},"14":{"start":{"line":22,"column":4},"end":{"line":22,"column":26}},"15":{"start":{"line":25,"column":4},"end":{"line":25,"column":24}},"16":{"start":{"line":28,"column":4},"end":{"line":28,"column":32}},"17":{"start":{"line":30,"column":4},"end":{"line":34,"column":5}},"18":{"start":{"line":31,"column":6},"end":{"line":31,"column":31}},"19":{"start":{"line":33,"column":6},"end":{"line":33,"column":25}},"20":{"start":{"line":38,"column":4},"end":{"line":44,"column":5}},"21":{"start":{"line":39,"column":22},"end":{"line":39,"column":63}},"22":{"start":{"line":40,"column":6},"end":{"line":40,"column":38}},"23":{"start":{"line":41,"column":6},"end":{"line":41,"column":99}},"24":{"start":{"line":43,"column":6},"end":{"line":43,"column":63}},"25":{"start":{"line":48,"column":4},"end":{"line":48,"column":25}},"26":{"start":{"line":49,"column":4},"end":{"line":49,"column":33}},"27":{"start":{"line":50,"column":4},"end":{"line":50,"column":57}},"28":{"start":{"line":54,"column":4},"end":{"line":57,"column":5}},"29":{"start":{"line":55,"column":6},"end":{"line":55,"column":46}},"30":{"start":{"line":56,"column":6},"end":{"line":56,"column":13}},"31":{"start":{"line":59,"column":4},"end":{"line":65,"column":5}},"32":{"start":{"line":60,"column":6},"end":{"line":64,"column":7}},"33":{"start":{"line":61,"column":8},"end":{"line":63,"column":9}},"34":{"start":{"line":62,"column":10},"end":{"line":62,"column":61}},"35":{"start":{"line":70,"column":24},"end":{"line":70,"column":64}},"36":{"start":{"line":71,"column":20},"end":{"line":71,"column":58}},"37":{"start":{"line":72,"column":27},"end":{"line":72,"column":161}},"38":{"start":{"line":73,"column":20},"end":{"line":73,"column":69}},"39":{"start":{"line":75,"column":4},"end":{"line":75,"column":68}},"40":{"start":{"line":78,"column":20},"end":{"line":100,"column":5}},"41":{"start":{"line":79,"column":6},"end":{"line":99,"column":7}},"42":{"start":{"line":82,"column":8},"end":{"line":86,"column":9}},"43":{"start":{"line":83,"column":10},"end":{"line":83,"column":110}},"44":{"start":{"line":85,"column":10},"end":{"line":85,"column":60}},"45":{"start":{"line":89,"column":8},"end":{"line":93,"column":9}},"46":{"start":{"line":90,"column":10},"end":{"line":92,"column":11}},"47":{"start":{"line":91,"column":12},"end":{"line":91,"column":26}},"48":{"start":{"line":95,"column":8},"end":{"line":95,"column":23}},"49":{"start":{"line":97,"column":8},"end":{"line":97,"column":61}},"50":{"start":{"line":98,"column":8},"end":{"line":98,"column":65}},"51":{"start":{"line":103,"column":4},"end":{"line":119,"column":5}},"52":{"start":{"line":105,"column":8},"end":{"line":105,"column":43}},"53":{"start":{"line":106,"column":8},"end":{"line":106,"column":14}},"54":{"start":{"line":108,"column":8},"end":{"line":108,"column":44}},"55":{"start":{"line":109,"column":8},"end":{"line":109,"column":14}},"56":{"start":{"line":111,"column":8},"end":{"line":111,"column":43}},"57":{"start":{"line":112,"column":8},"end":{"line":112,"column":14}},"58":{"start":{"line":114,"column":8},"end":{"line":114,"column":45}},"59":{"start":{"line":115,"column":8},"end":{"line":115,"column":14}},"60":{"start":{"line":117,"column":8},"end":{"line":117,"column":46}},"61":{"start":{"line":118,"column":8},"end":{"line":118,"column":14}},"62":{"start":{"line":123,"column":21},"end":{"line":123,"column":59}},"63":{"start":{"line":125,"column":4},"end":{"line":127,"column":5}},"64":{"start":{"line":126,"column":6},"end":{"line":126,"column":42}},"65":{"start":{"line":129,"column":4},"end":{"line":155,"column":5}},"66":{"start":{"line":130,"column":21},"end":{"line":135,"column":93}},"67":{"start":{"line":137,"column":25},"end":{"line":145,"column":8}},"68":{"start":{"line":147,"column":22},"end":{"line":147,"column":66}},"69":{"start":{"line":148,"column":19},"end":{"line":148,"column":38}},"70":{"start":{"line":150,"column":6},"end":{"line":150,"column":42}},"71":{"start":{"line":151,"column":6},"end":{"line":151,"column":18}},"72":{"start":{"line":153,"column":6},"end":{"line":153,"column":95}},"73":{"start":{"line":154,"column":6},"end":{"line":154,"column":48}},"74":{"start":{"line":159,"column":4},"end":{"line":161,"column":5}},"75":{"start":{"line":160,"column":6},"end":{"line":160,"column":36}},"76":{"start":{"line":163,"column":4},"end":{"line":169,"column":5}},"77":{"start":{"line":164,"column":18},"end":{"line":164,"column":20}},"78":{"start":{"line":165,"column":6},"end":{"line":167,"column":7}},"79":{"start":{"line":166,"column":8},"end":{"line":166,"column":52}},"80":{"start":{"line":168,"column":6},"end":{"line":168,"column":17}},"81":{"start":{"line":171,"column":4},"end":{"line":173,"column":5}},"82":{"start":{"line":172,"column":6},"end":{"line":172,"column":62}},"83":{"start":{"line":175,"column":4},"end":{"line":181,"column":5}},"84":{"start":{"line":176,"column":6},"end":{"line":176,"column":63}},"85":{"start":{"line":176,"column":37},"end":{"line":176,"column":63}},"86":{"start":{"line":177,"column":6},"end":{"line":177,"column":56}},"87":{"start":{"line":177,"column":36},"end":{"line":177,"column":56}},"88":{"start":{"line":178,"column":6},"end":{"line":178,"column":71}},"89":{"start":{"line":178,"column":41},"end":{"line":178,"column":71}},"90":{"start":{"line":179,"column":6},"end":{"line":179,"column":82}},"91":{"start":{"line":179,"column":36},"end":{"line":179,"column":82}},"92":{"start":{"line":180,"column":6},"end":{"line":180,"column":29}},"93":{"start":{"line":183,"column":4},"end":{"line":186,"column":5}},"94":{"start":{"line":184,"column":6},"end":{"line":184,"column":49}},"95":{"start":{"line":184,"column":37},"end":{"line":184,"column":49}},"96":{"start":{"line":185,"column":6},"end":{"line":185,"column":16}},"97":{"start":{"line":188,"column":4},"end":{"line":190,"column":5}},"98":{"start":{"line":189,"column":6},"end":{"line":189,"column":18}},"99":{"start":{"line":192,"column":4},"end":{"line":192,"column":16}},"100":{"start":{"line":196,"column":4},"end":{"line":198,"column":7}},"101":{"start":{"line":197,"column":6},"end":{"line":197,"column":51}},"102":{"start":{"line":200,"column":4},"end":{"line":205,"column":7}},"103":{"start":{"line":201,"column":6},"end":{"line":203,"column":7}},"104":{"start":{"line":202,"column":8},"end":{"line":202,"column":63}},"105":{"start":{"line":204,"column":6},"end":{"line":204,"column":18}},"106":{"start":{"line":209,"column":4},"end":{"line":209,"column":32}},"107":{"start":{"line":209,"column":25},"end":{"line":209,"column":32}},"108":{"start":{"line":211,"column":4},"end":{"line":211,"column":56}},"109":{"start":{"line":214,"column":23},"end":{"line":214,"column":48}},"110":{"start":{"line":215,"column":4},"end":{"line":215,"column":75}},"111":{"start":{"line":218,"column":24},"end":{"line":232,"column":5}},"112":{"start":{"line":233,"column":4},"end":{"line":236,"column":6}},"113":{"start":{"line":239,"column":4},"end":{"line":242,"column":6}},"114":{"start":{"line":245,"column":4},"end":{"line":245,"column":80}},"115":{"start":{"line":249,"column":4},"end":{"line":270,"column":2}},"116":{"start":{"line":274,"column":0},"end":{"line":274,"column":26}}},"fnMap":{"0":{"name":"(anonymous_0)","decl":{"start":{"line":9,"column":2},"end":{"line":9,"column":3}},"loc":{"start":{"line":9,"column":23},"end":{"line":18,"column":3}},"line":9},"1":{"name":"(anonymous_1)","decl":{"start":{"line":20,"column":2},"end":{"line":20,"column":3}},"loc":{"start":{"line":20,"column":19},"end":{"line":35,"column":3}},"line":20},"2":{"name":"(anonymous_2)","decl":{"start":{"line":37,"column":2},"end":{"line":37,"column":3}},"loc":{"start":{"line":37,"column":19},"end":{"line":45,"column":3}},"line":37},"3":{"name":"(anonymous_3)","decl":{"start":{"line":47,"column":2},"end":{"line":47,"column":3}},"loc":{"start":{"line":47,"column":17},"end":{"line":51,"column":3}},"line":47},"4":{"name":"(anonymous_4)","decl":{"start":{"line":53,"column":2},"end":{"line":53,"column":3}},"loc":{"start":{"line":53,"column":25},"end":{"line":66,"column":3}},"line":53},"5":{"name":"(anonymous_5)","decl":{"start":{"line":68,"column":2},"end":{"line":68,"column":3}},"loc":{"start":{"line":68,"column":48},"end":{"line":120,"column":3}},"line":68},"6":{"name":"(anonymous_6)","decl":{"start":{"line":78,"column":20},"end":{"line":78,"column":21}},"loc":{"start":{"line":78,"column":40},"end":{"line":100,"column":5}},"line":78},"7":{"name":"(anonymous_7)","decl":{"start":{"line":122,"column":2},"end":{"line":122,"column":3}},"loc":{"start":{"line":122,"column":85},"end":{"line":156,"column":3}},"line":122},"8":{"name":"(anonymous_8)","decl":{"start":{"line":158,"column":2},"end":{"line":158,"column":3}},"loc":{"start":{"line":158,"column":32},"end":{"line":193,"column":3}},"line":158},"9":{"name":"(anonymous_9)","decl":{"start":{"line":195,"column":2},"end":{"line":195,"column":3}},"loc":{"start":{"line":195,"column":16},"end":{"line":206,"column":3}},"line":195},"10":{"name":"(anonymous_10)","decl":{"start":{"line":196,"column":45},"end":{"line":196,"column":46}},"loc":{"start":{"line":196,"column":51},"end":{"line":198,"column":5}},"line":196},"11":{"name":"(anonymous_11)","decl":{"start":{"line":200,"column":28},"end":{"line":200,"column":29}},"loc":{"start":{"line":200,"column":39},"end":{"line":205,"column":5}},"line":200},"12":{"name":"(anonymous_12)","decl":{"start":{"line":208,"column":2},"end":{"line":208,"column":3}},"loc":{"start":{"line":208,"column":22},"end":{"line":246,"column":3}},"line":208},"13":{"name":"(anonymous_13)","decl":{"start":{"line":248,"column":2},"end":{"line":248,"column":3}},"loc":{"start":{"line":248,"column":23},"end":{"line":271,"column":3}},"line":248}},"branchMap":{"0":{"loc":{"start":{"line":13,"column":18},"end":{"line":13,"column":72}},"type":"binary-expr","locations":[{"start":{"line":13,"column":18},"end":{"line":13,"column":42}},{"start":{"line":13,"column":46},"end":{"line":13,"column":72}}],"line":13},"1":{"loc":{"start":{"line":14,"column":18},"end":{"line":14,"column":89}},"type":"cond-expr","locations":[{"start":{"line":14,"column":32},"end":{"line":14,"column":82}},{"start":{"line":14,"column":85},"end":{"line":14,"column":89}}],"line":14},"2":{"loc":{"start":{"line":30,"column":4},"end":{"line":34,"column":5}},"type":"if","locations":[{"start":{"line":30,"column":4},"end":{"line":34,"column":5}},{"start":{"line":32,"column":11},"end":{"line":34,"column":5}}],"line":30},"3":{"loc":{"start":{"line":41,"column":60},"end":{"line":41,"column":81}},"type":"binary-expr","locations":[{"start":{"line":41,"column":60},"end":{"line":41,"column":75}},{"start":{"line":41,"column":79},"end":{"line":41,"column":81}}],"line":41},"4":{"loc":{"start":{"line":54,"column":4},"end":{"line":57,"column":5}},"type":"if","locations":[{"start":{"line":54,"column":4},"end":{"line":57,"column":5}},{"start":{},"end":{}}],"line":54},"5":{"loc":{"start":{"line":61,"column":8},"end":{"line":63,"column":9}},"type":"if","locations":[{"start":{"line":61,"column":8},"end":{"line":63,"column":9}},{"start":{},"end":{}}],"line":61},"6":{"loc":{"start":{"line":72,"column":27},"end":{"line":72,"column":161}},"type":"binary-expr","locations":[{"start":{"line":72,"column":27},"end":{"line":72,"column":92}},{"start":{"line":72,"column":96},"end":{"line":72,"column":161}}],"line":72},"7":{"loc":{"start":{"line":73,"column":20},"end":{"line":73,"column":69}},"type":"binary-expr","locations":[{"start":{"line":73,"column":20},"end":{"line":73,"column":35}},{"start":{"line":73,"column":39},"end":{"line":73,"column":58}},{"start":{"line":73,"column":62},"end":{"line":73,"column":69}}],"line":73},"8":{"loc":{"start":{"line":82,"column":8},"end":{"line":86,"column":9}},"type":"if","locations":[{"start":{"line":82,"column":8},"end":{"line":86,"column":9}},{"start":{"line":84,"column":15},"end":{"line":86,"column":9}}],"line":82},"9":{"loc":{"start":{"line":82,"column":12},"end":{"line":82,"column":41}},"type":"binary-expr","locations":[{"start":{"line":82,"column":12},"end":{"line":82,"column":23}},{"start":{"line":82,"column":27},"end":{"line":82,"column":41}}],"line":82},"10":{"loc":{"start":{"line":89,"column":8},"end":{"line":93,"column":9}},"type":"if","locations":[{"start":{"line":89,"column":8},"end":{"line":93,"column":9}},{"start":{},"end":{}}],"line":89},"11":{"loc":{"start":{"line":90,"column":10},"end":{"line":92,"column":11}},"type":"if","locations":[{"start":{"line":90,"column":10},"end":{"line":92,"column":11}},{"start":{},"end":{}}],"line":90},"12":{"loc":{"start":{"line":103,"column":4},"end":{"line":119,"column":5}},"type":"switch","locations":[{"start":{"line":104,"column":6},"end":{"line":106,"column":14}},{"start":{"line":107,"column":6},"end":{"line":109,"column":14}},{"start":{"line":110,"column":6},"end":{"line":112,"column":14}},{"start":{"line":113,"column":6},"end":{"line":115,"column":14}},{"start":{"line":116,"column":6},"end":{"line":118,"column":14}}],"line":103},"13":{"loc":{"start":{"line":122,"column":49},"end":{"line":122,"column":60}},"type":"default-arg","locations":[{"start":{"line":122,"column":58},"end":{"line":122,"column":60}}],"line":122},"14":{"loc":{"start":{"line":122,"column":62},"end":{"line":122,"column":72}},"type":"default-arg","locations":[{"start":{"line":122,"column":70},"end":{"line":122,"column":72}}],"line":122},"15":{"loc":{"start":{"line":122,"column":74},"end":{"line":122,"column":83}},"type":"default-arg","locations":[{"start":{"line":122,"column":81},"end":{"line":122,"column":83}}],"line":122},"16":{"loc":{"start":{"line":125,"column":4},"end":{"line":127,"column":5}},"type":"if","locations":[{"start":{"line":125,"column":4},"end":{"line":127,"column":5}},{"start":{},"end":{}}],"line":125},"17":{"loc":{"start":{"line":159,"column":4},"end":{"line":161,"column":5}},"type":"if","locations":[{"start":{"line":159,"column":4},"end":{"line":161,"column":5}},{"start":{},"end":{}}],"line":159},"18":{"loc":{"start":{"line":163,"column":4},"end":{"line":169,"column":5}},"type":"if","locations":[{"start":{"line":163,"column":4},"end":{"line":169,"column":5}},{"start":{},"end":{}}],"line":163},"19":{"loc":{"start":{"line":163,"column":8},"end":{"line":163,"column":53}},"type":"binary-expr","locations":[{"start":{"line":163,"column":8},"end":{"line":163,"column":32}},{"start":{"line":163,"column":36},"end":{"line":163,"column":53}}],"line":163},"20":{"loc":{"start":{"line":171,"column":4},"end":{"line":173,"column":5}},"type":"if","locations":[{"start":{"line":171,"column":4},"end":{"line":173,"column":5}},{"start":{},"end":{}}],"line":171},"21":{"loc":{"start":{"line":172,"column":41},"end":{"line":172,"column":59}},"type":"binary-expr","locations":[{"start":{"line":172,"column":41},"end":{"line":172,"column":53}},{"start":{"line":172,"column":57},"end":{"line":172,"column":59}}],"line":172},"22":{"loc":{"start":{"line":175,"column":4},"end":{"line":181,"column":5}},"type":"if","locations":[{"start":{"line":175,"column":4},"end":{"line":181,"column":5}},{"start":{},"end":{}}],"line":175},"23":{"loc":{"start":{"line":176,"column":6},"end":{"line":176,"column":63}},"type":"if","locations":[{"start":{"line":176,"column":6},"end":{"line":176,"column":63}},{"start":{},"end":{}}],"line":176},"24":{"loc":{"start":{"line":177,"column":6},"end":{"line":177,"column":56}},"type":"if","locations":[{"start":{"line":177,"column":6},"end":{"line":177,"column":56}},{"start":{},"end":{}}],"line":177},"25":{"loc":{"start":{"line":178,"column":6},"end":{"line":178,"column":71}},"type":"if","locations":[{"start":{"line":178,"column":6},"end":{"line":178,"column":71}},{"start":{},"end":{}}],"line":178},"26":{"loc":{"start":{"line":179,"column":6},"end":{"line":179,"column":82}},"type":"if","locations":[{"start":{"line":179,"column":6},"end":{"line":179,"column":82}},{"start":{},"end":{}}],"line":179},"27":{"loc":{"start":{"line":183,"column":4},"end":{"line":186,"column":5}},"type":"if","locations":[{"start":{"line":183,"column":4},"end":{"line":186,"column":5}},{"start":{},"end":{}}],"line":183},"28":{"loc":{"start":{"line":183,"column":8},"end":{"line":183,"column":61}},"type":"binary-expr","locations":[{"start":{"line":183,"column":8},"end":{"line":183,"column":32}},{"start":{"line":183,"column":36},"end":{"line":183,"column":61}}],"line":183},"29":{"loc":{"start":{"line":184,"column":6},"end":{"line":184,"column":49}},"type":"if","locations":[{"start":{"line":184,"column":6},"end":{"line":184,"column":49}},{"start":{},"end":{}}],"line":184},"30":{"loc":{"start":{"line":188,"column":4},"end":{"line":190,"column":5}},"type":"if","locations":[{"start":{"line":188,"column":4},"end":{"line":190,"column":5}},{"start":{},"end":{}}],"line":188},"31":{"loc":{"start":{"line":201,"column":6},"end":{"line":203,"column":7}},"type":"if","locations":[{"start":{"line":201,"column":6},"end":{"line":203,"column":7}},{"start":{},"end":{}}],"line":201},"32":{"loc":{"start":{"line":209,"column":4},"end":{"line":209,"column":32}},"type":"if","locations":[{"start":{"line":209,"column":4},"end":{"line":209,"column":32}},{"start":{},"end":{}}],"line":209}},"s":{"0":1,"1":1,"2":1,"3":1,"4":1,"5":1,"6":3,"7":3,"8":3,"9":3,"10":3,"11":3,"12":3,"13":3,"14":3,"15":1,"16":1,"17":1,"18":0,"19":1,"20":3,"21":3,"22":2,"23":1,"24":2,"25":1,"26":1,"27":1,"28":1,"29":0,"30":0,"31":1,"32":2,"33":3,"34":3,"35":3,"36":3,"37":3,"38":3,"39":3,"40":3,"41":3,"42":3,"43":0,"44":3,"45":3,"46":1,"47":0,"48":3,"49":0,"50":0,"51":3,"52":2,"53":2,"54":1,"55":1,"56":0,"57":0,"58":0,"59":0,"60":0,"61":0,"62":0,"63":0,"64":0,"65":0,"66":0,"67":0,"68":0,"69":0,"70":0,"71":0,"72":0,"73":0,"74":19,"75":0,"76":19,"77":4,"78":4,"79":8,"80":4,"81":15,"82":2,"83":13,"84":7,"85":1,"86":6,"87":0,"88":6,"89":0,"90":6,"91":0,"92":6,"93":6,"94":5,"95":0,"96":5,"97":1,"98":1,"99":0,"100":1,"101":1,"102":1,"103":0,"104":0,"105":0,"106":0,"107":0,"108":0,"109":0,"110":0,"111":0,"112":0,"113":0,"114":0,"115":0,"116":1},"f":{"0":3,"1":3,"2":3,"3":1,"4":1,"5":3,"6":3,"7":0,"8":19,"9":1,"10":1,"11":0,"12":0,"13":0},"b":{"0":[3,2],"1":[0,3],"2":[0,1],"3":[1,0],"4":[0,1],"5":[3,0],"6":[3,1],"7":[3,0,0],"8":[0,3],"9":[3,0],"10":[1,2],"11":[0,1],"12":[2,1,0,0,0],"13":[0],"14":[0],"15":[0],"16":[0,0],"17":[0,19],"18":[4,15],"19":[19,4],"20":[2,13],"21":[2,0],"22":[7,6],"23":[1,6],"24":[0,6],"25":[0,6],"26":[0,6],"27":[5,1],"28":[6,6],"29":[0,5],"30":[1,0],"31":[0,0],"32":[0,0]},"_coverageSchema":"1a1c01bbd47fc00a2c39e90264f33305004495a9","hash":"1584b182aa4a8a192f0e7efddbf629c6a4f10670"}
}
