TN:
SF:src/index.js
FN:9,(anonymous_0)
FN:20,(anonymous_1)
FN:37,(anonymous_2)
FN:47,(anonymous_3)
FN:53,(anonymous_4)
FN:68,(anonymous_5)
FN:78,(anonymous_6)
FN:122,(anonymous_7)
FN:158,(anonymous_8)
FN:195,(anonymous_9)
FN:196,(anonymous_10)
FN:200,(anonymous_11)
FN:208,(anonymous_12)
FN:248,(anonymous_13)
FNF:14
FNH:10
FNDA:3,(anonymous_0)
FNDA:3,(anonymous_1)
FNDA:3,(anonymous_2)
FNDA:1,(anonymous_3)
FNDA:1,(anonymous_4)
FNDA:3,(anonymous_5)
FNDA:3,(anonymous_6)
FNDA:0,(anonymous_7)
FNDA:19,(anonymous_8)
FNDA:1,(anonymous_9)
FNDA:1,(anonymous_10)
FNDA:0,(anonymous_11)
FNDA:0,(anonymous_12)
FNDA:0,(anonymous_13)
DA:1,1
DA:2,1
DA:3,1
DA:4,1
DA:5,1
DA:6,1
DA:10,3
DA:11,3
DA:12,3
DA:13,3
DA:14,3
DA:15,3
DA:16,3
DA:17,3
DA:22,3
DA:25,1
DA:28,1
DA:30,1
DA:31,0
DA:33,1
DA:38,3
DA:39,3
DA:40,2
DA:41,1
DA:43,2
DA:48,1
DA:49,1
DA:50,1
DA:54,1
DA:55,0
DA:56,0
DA:59,1
DA:60,2
DA:61,3
DA:62,3
DA:70,3
DA:71,3
DA:72,3
DA:73,3
DA:75,3
DA:78,3
DA:79,3
DA:82,3
DA:83,0
DA:85,3
DA:89,3
DA:90,1
DA:91,0
DA:95,3
DA:97,0
DA:98,0
DA:103,3
DA:105,2
DA:106,2
DA:108,1
DA:109,1
DA:111,0
DA:112,0
DA:114,0
DA:115,0
DA:117,0
DA:118,0
DA:123,0
DA:125,0
DA:126,0
DA:129,0
DA:130,0
DA:137,0
DA:147,0
DA:148,0
DA:150,0
DA:151,0
DA:153,0
DA:154,0
DA:159,19
DA:160,0
DA:163,19
DA:164,4
DA:165,4
DA:166,8
DA:168,4
DA:171,15
DA:172,2
DA:175,13
DA:176,7
DA:177,6
DA:178,6
DA:179,6
DA:180,6
DA:183,6
DA:184,5
DA:185,5
DA:188,1
DA:189,1
DA:192,0
DA:196,1
DA:197,1
DA:200,1
DA:201,0
DA:202,0
DA:204,0
DA:209,0
DA:211,0
DA:214,0
DA:215,0
DA:218,0
DA:233,0
DA:239,0
DA:245,0
DA:249,0
DA:274,1
LF:111
LH:72
BRDA:13,0,0,3
BRDA:13,0,1,2
BRDA:14,1,0,0
BRDA:14,1,1,3
BRDA:30,2,0,0
BRDA:30,2,1,1
BRDA:41,3,0,1
BRDA:41,3,1,0
BRDA:54,4,0,0
BRDA:54,4,1,1
BRDA:61,5,0,3
BRDA:61,5,1,0
BRDA:72,6,0,3
BRDA:72,6,1,1
BRDA:73,7,0,3
BRDA:73,7,1,0
BRDA:73,7,2,0
BRDA:82,8,0,0
BRDA:82,8,1,3
BRDA:82,9,0,3
BRDA:82,9,1,0
BRDA:89,10,0,1
BRDA:89,10,1,2
BRDA:90,11,0,0
BRDA:90,11,1,1
BRDA:103,12,0,2
BRDA:103,12,1,1
BRDA:103,12,2,0
BRDA:103,12,3,0
BRDA:103,12,4,0
BRDA:122,13,0,0
BRDA:122,14,0,0
BRDA:122,15,0,0
BRDA:125,16,0,0
BRDA:125,16,1,0
BRDA:159,17,0,0
BRDA:159,17,1,19
BRDA:163,18,0,4
BRDA:163,18,1,15
BRDA:163,19,0,19
BRDA:163,19,1,4
BRDA:171,20,0,2
BRDA:171,20,1,13
BRDA:172,21,0,2
BRDA:172,21,1,0
BRDA:175,22,0,7
BRDA:175,22,1,6
BRDA:176,23,0,1
BRDA:176,23,1,6
BRDA:177,24,0,0
BRDA:177,24,1,6
BRDA:178,25,0,0
BRDA:178,25,1,6
BRDA:179,26,0,0
BRDA:179,26,1,6
BRDA:183,27,0,5
BRDA:183,27,1,1
BRDA:183,28,0,6
BRDA:183,28,1,6
BRDA:184,29,0,0
BRDA:184,29,1,5
BRDA:188,30,0,1
BRDA:188,30,1,0
BRDA:201,31,0,0
BRDA:201,31,1,0
BRDA:209,32,0,0
BRDA:209,32,1,0
BRF:67
BRH:38
end_of_record
